#
# There is insufficient memory for the Java Runtime Environment to continue.
# Native memory allocation (malloc) failed to allocate 1104816 bytes for Chunk::new
# Possible reasons:
#   The system is out of physical RAM or swap space
#   In 32 bit mode, the process size limit was hit
# Possible solutions:
#   Reduce memory load on the system
#   Increase physical memory or swap space
#   Check if swap backing store is full
#   Use 64 bit Java on a 64 bit OS
#   Decrease Java heap size (-Xmx/-Xms)
#   Decrease number of Java threads
#   Decrease Java thread stack sizes (-Xss)
#   Set larger code cache with -XX:ReservedCodeCacheSize=
# This output file may be truncated or incomplete.
#
#  Out of Memory Error (allocation.cpp:390), pid=9164, tid=0x0000000000006404
#
# JRE version: Java(TM) SE Runtime Environment (8.0_111-b14) (build 1.8.0_111-b14)
# Java VM: Java HotSpot(TM) 64-Bit Server VM (25.111-b14 mixed mode windows-amd64 compressed oops)
# Failed to write core dump. Minidumps are not enabled by default on client versions of Windows
#

---------------  T H R E A D  ---------------

Current thread (0x000000001fa4b800):  JavaThread "C2 CompilerThread1" daemon [_thread_in_native, id=25604, stack(0x00000000203c0000,0x00000000204c0000)]

Stack: [0x00000000203c0000,0x00000000204c0000]
[error occurred during error reporting (printing stack bounds), id 0xc0000005]

Native frames: (J=compiled Java code, j=interpreted, Vv=VM code, C=native code)


Current CompileTask:
C2:   7725 4901       4       org.springframework.core.annotation.TypeMappedAnnotations$MergedAnnotationFinder::doWithAnnotations (75 bytes)


---------------  P R O C E S S  ---------------

Java Threads: ( => current thread )
  0x0000000025cce800 JavaThread "HikariPool-1 connection adder" daemon [_thread_blocked, id=22808, stack(0x0000000028740000,0x0000000028840000)]
  0x0000000025ccf800 JavaThread "HikariPool-1 housekeeper" daemon [_thread_blocked, id=23996, stack(0x0000000028440000,0x0000000028540000)]
  0x00000000262b2000 JavaThread "mysql-cj-abandoned-connection-cleanup" daemon [_thread_blocked, id=11748, stack(0x00000000257b0000,0x00000000258b0000)]
  0x00000000235f3000 JavaThread "container-0" [_thread_blocked, id=25856, stack(0x0000000024ec0000,0x0000000024fc0000)]
  0x0000000024aa7000 JavaThread "Catalina-utility-2" [_thread_blocked, id=3224, stack(0x0000000022a10000,0x0000000022b10000)]
  0x000000001fd4d800 JavaThread "Catalina-utility-1" [_thread_blocked, id=25920, stack(0x0000000021dd0000,0x0000000021ed0000)]
  0x000000001fe97800 JavaThread "restartedMain" [_thread_in_Java, id=1000, stack(0x0000000021ad0000,0x0000000021bd0000)]
  0x0000000020d2f800 JavaThread "Thread-0" [_thread_blocked, id=23412, stack(0x00000000219d0000,0x0000000021ad0000)]
  0x000000001fb13800 JavaThread "Service Thread" daemon [_thread_blocked, id=22684, stack(0x00000000206c0000,0x00000000207c0000)]
  0x000000001fa59000 JavaThread "C1 CompilerThread3" daemon [_thread_blocked, id=24196, stack(0x00000000205c0000,0x00000000206c0000)]
  0x000000001fa50000 JavaThread "C2 CompilerThread2" daemon [_thread_in_native, id=12752, stack(0x00000000204c0000,0x00000000205c0000)]
=>0x000000001fa4b800 JavaThread "C2 CompilerThread1" daemon [_thread_in_native, id=25604, stack(0x00000000203c0000,0x00000000204c0000)]
  0x000000001f9d6800 JavaThread "C2 CompilerThread0" daemon [_thread_blocked, id=1712, stack(0x00000000202c0000,0x00000000203c0000)]
  0x000000001e6fe000 JavaThread "Monitor Ctrl-Break" daemon [_thread_in_native, id=28560, stack(0x00000000201c0000,0x00000000202c0000)]
  0x000000001e376800 JavaThread "Attach Listener" daemon [_thread_blocked, id=24024, stack(0x000000001f8c0000,0x000000001f9c0000)]
  0x000000001e376000 JavaThread "Signal Dispatcher" daemon [_thread_blocked, id=22048, stack(0x000000001f7c0000,0x000000001f8c0000)]
  0x000000001e363800 JavaThread "Finalizer" daemon [_thread_blocked, id=23604, stack(0x000000001f5c0000,0x000000001f6c0000)]
  0x000000001cc9d000 JavaThread "Reference Handler" daemon [_thread_blocked, id=28024, stack(0x000000001f4c0000,0x000000001f5c0000)]
  0x0000000002f36000 JavaThread "main" [_thread_blocked, id=26556, stack(0x0000000002cf0000,0x0000000002df0000)]

Other Threads:
  0x000000001e342800 VMThread [stack: 0x000000001f3c0000,0x000000001f4c0000] [id=27640]
  0x000000001fb7f000 WatcherThread [stack: 0x00000000207c0000,0x00000000208c0000] [id=14268]

VM state:not at safepoint (normal execution)

VM Mutex/Monitor currently owned by a thread: None

Heap:
 PSYoungGen      total 392192K, used 7144K [0x000000076b100000, 0x000000078e780000, 0x00000007c0000000)
  eden space 371712K, 1% used [0x000000076b100000,0x000000076b7fa190,0x0000000781c00000)
  from space 20480K, 0% used [0x0000000781c00000,0x0000000781c00000,0x0000000783000000)
  to   space 19456K, 0% used [0x000000078d480000,0x000000078d480000,0x000000078e780000)
 ParOldGen       total 124928K, used 20155K [0x00000006c1200000, 0x00000006c8c00000, 0x000000076b100000)
  object space 124928K, 16% used [0x00000006c1200000,0x00000006c25aee40,0x00000006c8c00000)
 Metaspace       used 56038K, capacity 59484K, committed 59668K, reserved 1101824K
  class space    used 7598K, capacity 8161K, committed 8252K, reserved 1048576K

Card table byte_map: [0x00000000123f0000,0x0000000012bf0000] byte_map_base: 0x000000000ede7000

Marking Bits: (ParMarkBitMap*) 0x000000005a12a6c0
 Begin Bits: [0x0000000013b40000, 0x0000000017af8000)
 End Bits:   [0x0000000017af8000, 0x000000001bab0000)

Polling page: 0x0000000002a40000

CodeCache: size=245760Kb used=16523Kb max_used=16802Kb free=229236Kb
 bounds [0x0000000003030000, 0x00000000040b0000, 0x0000000012030000]
 total_blobs=5112 nmethods=4571 adapters=453
 compilation: enabled

Compilation events (10 events):
Event: 7.699 Thread 0x000000001f9d6800 nmethod 5063 0x0000000003b6d750 code [0x0000000003b6d8e0, 0x0000000003b6dc28]
Event: 7.700 Thread 0x000000001f9d6800 5075       4       java.lang.ref.Finalizer::access$100 (6 bytes)
Event: 7.703 Thread 0x000000001f9d6800 nmethod 5075 0x00000000036e8710 code [0x00000000036e8880, 0x00000000036e8e18]
Event: 7.703 Thread 0x000000001f9d6800 5076   !   4       java.lang.ref.Finalizer::runFinalizer (62 bytes)
Event: 7.703 Thread 0x000000001fa50000 nmethod 5081 0x00000000032f7790 code [0x00000000032f7920, 0x00000000032f7e98]
Event: 7.703 Thread 0x000000001fa50000 5077   !   4       java.lang.ref.Finalizer::remove (94 bytes)
Event: 7.704 Thread 0x000000001fa50000 nmethod 5077 0x000000000316b790 code [0x000000000316b8e0, 0x000000000316bbd8]
Event: 7.704 Thread 0x000000001fa50000 4992       4       java.lang.Class::isAnnotation (17 bytes)
Event: 7.704 Thread 0x000000001fa50000 nmethod 4992 0x0000000004051790 code [0x00000000040518c0, 0x0000000004051958]
Event: 7.706 Thread 0x000000001f9d6800 nmethod 5076 0x00000000036e7d10 code [0x00000000036e7e80, 0x00000000036e8458]

GC Heap History (10 events):
Event: 4.543 GC heap before
{Heap before GC invocations=8 (full 1):
 PSYoungGen      total 231424K, used 22313K [0x000000076b100000, 0x000000077a280000, 0x00000007c0000000)
  eden space 218624K, 5% used [0x000000076b100000,0x000000076bcafb50,0x0000000778680000)
  from space 12800K, 80% used [0x0000000779600000,0x000000077a01a958,0x000000077a280000)
  to   space 14336K, 0% used [0x0000000778680000,0x0000000778680000,0x0000000779480000)
 ParOldGen       total 90112K, used 6768K [0x00000006c1200000, 0x00000006c6a00000, 0x000000076b100000)
  object space 90112K, 7% used [0x00000006c1200000,0x00000006c189c118,0x00000006c6a00000)
 Metaspace       used 33130K, capacity 35344K, committed 35416K, reserved 1079296K
  class space    used 4292K, capacity 4708K, committed 4736K, reserved 1048576K
Event: 4.554 GC heap after
Heap after GC invocations=8 (full 1):
 PSYoungGen      total 232960K, used 8293K [0x000000076b100000, 0x0000000784400000, 0x00000007c0000000)
  eden space 218624K, 0% used [0x000000076b100000,0x000000076b100000,0x0000000778680000)
  from space 14336K, 57% used [0x0000000778680000,0x0000000778e994f8,0x0000000779480000)
  to   space 13824K, 0% used [0x0000000783680000,0x0000000783680000,0x0000000784400000)
 ParOldGen       total 90112K, used 6776K [0x00000006c1200000, 0x00000006c6a00000, 0x000000076b100000)
  object space 90112K, 7% used [0x00000006c1200000,0x00000006c189e118,0x00000006c6a00000)
 Metaspace       used 33130K, capacity 35344K, committed 35416K, reserved 1079296K
  class space    used 4292K, capacity 4708K, committed 4736K, reserved 1048576K
}
Event: 4.554 GC heap before
{Heap before GC invocations=9 (full 2):
 PSYoungGen      total 232960K, used 8293K [0x000000076b100000, 0x0000000784400000, 0x00000007c0000000)
  eden space 218624K, 0% used [0x000000076b100000,0x000000076b100000,0x0000000778680000)
  from space 14336K, 57% used [0x0000000778680000,0x0000000778e994f8,0x0000000779480000)
  to   space 13824K, 0% used [0x0000000783680000,0x0000000783680000,0x0000000784400000)
 ParOldGen       total 90112K, used 6776K [0x00000006c1200000, 0x00000006c6a00000, 0x000000076b100000)
  object space 90112K, 7% used [0x00000006c1200000,0x00000006c189e118,0x00000006c6a00000)
 Metaspace       used 33130K, capacity 35344K, committed 35416K, reserved 1079296K
  class space    used 4292K, capacity 4708K, committed 4736K, reserved 1048576K
Event: 4.626 GC heap after
Heap after GC invocations=9 (full 2):
 PSYoungGen      total 232960K, used 0K [0x000000076b100000, 0x0000000784400000, 0x00000007c0000000)
  eden space 218624K, 0% used [0x000000076b100000,0x000000076b100000,0x0000000778680000)
  from space 14336K, 0% used [0x0000000778680000,0x0000000778680000,0x0000000779480000)
  to   space 13824K, 0% used [0x0000000783680000,0x0000000783680000,0x0000000784400000)
 ParOldGen       total 124928K, used 12578K [0x00000006c1200000, 0x00000006c8c00000, 0x000000076b100000)
  object space 124928K, 10% used [0x00000006c1200000,0x00000006c1e489b0,0x00000006c8c00000)
 Metaspace       used 33130K, capacity 35344K, committed 35416K, reserved 1079296K
  class space    used 4292K, capacity 4708K, committed 4736K, reserved 1048576K
}
Event: 7.477 GC heap before
{Heap before GC invocations=10 (full 2):
 PSYoungGen      total 232960K, used 218624K [0x000000076b100000, 0x0000000784400000, 0x00000007c0000000)
  eden space 218624K, 100% used [0x000000076b100000,0x0000000778680000,0x0000000778680000)
  from space 14336K, 0% used [0x0000000778680000,0x0000000778680000,0x0000000779480000)
  to   space 13824K, 0% used [0x0000000783680000,0x0000000783680000,0x0000000784400000)
 ParOldGen       total 124928K, used 12578K [0x00000006c1200000, 0x00000006c8c00000, 0x000000076b100000)
  object space 124928K, 10% used [0x00000006c1200000,0x00000006c1e489b0,0x00000006c8c00000)
 Metaspace       used 55633K, capacity 58964K, committed 59028K, reserved 1099776K
  class space    used 7517K, capacity 8079K, committed 8124K, reserved 1048576K
Event: 7.502 GC heap after
Heap after GC invocations=10 (full 2):
 PSYoungGen      total 368640K, used 13823K [0x000000076b100000, 0x0000000784400000, 0x00000007c0000000)
  eden space 354816K, 0% used [0x000000076b100000,0x000000076b100000,0x0000000780b80000)
  from space 13824K, 99% used [0x0000000783680000,0x00000007843ffde0,0x0000000784400000)
  to   space 20480K, 0% used [0x0000000781c00000,0x0000000781c00000,0x0000000783000000)
 ParOldGen       total 124928K, used 24296K [0x00000006c1200000, 0x00000006c8c00000, 0x000000076b100000)
  object space 124928K, 19% used [0x00000006c1200000,0x00000006c29ba288,0x00000006c8c00000)
 Metaspace       used 55633K, capacity 58964K, committed 59028K, reserved 1099776K
  class space    used 7517K, capacity 8079K, committed 8124K, reserved 1048576K
}
Event: 7.513 GC heap before
{Heap before GC invocations=11 (full 2):
 PSYoungGen      total 368640K, used 20231K [0x000000076b100000, 0x0000000784400000, 0x00000007c0000000)
  eden space 354816K, 1% used [0x000000076b100000,0x000000076b741e70,0x0000000780b80000)
  from space 13824K, 99% used [0x0000000783680000,0x00000007843ffde0,0x0000000784400000)
  to   space 20480K, 0% used [0x0000000781c00000,0x0000000781c00000,0x0000000783000000)
 ParOldGen       total 124928K, used 24296K [0x00000006c1200000, 0x00000006c8c00000, 0x000000076b100000)
  object space 124928K, 19% used [0x00000006c1200000,0x00000006c29ba288,0x00000006c8c00000)
 Metaspace       used 55649K, capacity 58968K, committed 59028K, reserved 1099776K
  class space    used 7519K, capacity 8079K, committed 8124K, reserved 1048576K
Event: 7.523 GC heap after
Heap after GC invocations=11 (full 2):
 PSYoungGen      total 392192K, used 8812K [0x000000076b100000, 0x000000078e780000, 0x00000007c0000000)
  eden space 371712K, 0% used [0x000000076b100000,0x000000076b100000,0x0000000781c00000)
  from space 20480K, 43% used [0x0000000781c00000,0x000000078249b190,0x0000000783000000)
  to   space 19456K, 0% used [0x000000078d480000,0x000000078d480000,0x000000078e780000)
 ParOldGen       total 124928K, used 24304K [0x00000006c1200000, 0x00000006c8c00000, 0x000000076b100000)
  object space 124928K, 19% used [0x00000006c1200000,0x00000006c29bc288,0x00000006c8c00000)
 Metaspace       used 55649K, capacity 58968K, committed 59028K, reserved 1099776K
  class space    used 7519K, capacity 8079K, committed 8124K, reserved 1048576K
}
Event: 7.523 GC heap before
{Heap before GC invocations=12 (full 3):
 PSYoungGen      total 392192K, used 8812K [0x000000076b100000, 0x000000078e780000, 0x00000007c0000000)
  eden space 371712K, 0% used [0x000000076b100000,0x000000076b100000,0x0000000781c00000)
  from space 20480K, 43% used [0x0000000781c00000,0x000000078249b190,0x0000000783000000)
  to   space 19456K, 0% used [0x000000078d480000,0x000000078d480000,0x000000078e780000)
 ParOldGen       total 124928K, used 24304K [0x00000006c1200000, 0x00000006c8c00000, 0x000000076b100000)
  object space 124928K, 19% used [0x00000006c1200000,0x00000006c29bc288,0x00000006c8c00000)
 Metaspace       used 55649K, capacity 58968K, committed 59028K, reserved 1099776K
  class space    used 7519K, capacity 8079K, committed 8124K, reserved 1048576K
Event: 7.675 GC heap after
Heap after GC invocations=12 (full 3):
 PSYoungGen      total 392192K, used 0K [0x000000076b100000, 0x000000078e780000, 0x00000007c0000000)
  eden space 371712K, 0% used [0x000000076b100000,0x000000076b100000,0x0000000781c00000)
  from space 20480K, 0% used [0x0000000781c00000,0x0000000781c00000,0x0000000783000000)
  to   space 19456K, 0% used [0x000000078d480000,0x000000078d480000,0x000000078e780000)
 ParOldGen       total 124928K, used 20155K [0x00000006c1200000, 0x00000006c8c00000, 0x000000076b100000)
  object space 124928K, 16% used [0x00000006c1200000,0x00000006c25aee40,0x00000006c8c00000)
 Metaspace       used 55641K, capacity 58956K, committed 59028K, reserved 1099776K
  class space    used 7518K, capacity 8077K, committed 8124K, reserved 1048576K
}

Deoptimization events (10 events):
Event: 7.194 Thread 0x000000001fe97800 Uncommon trap: reason=unstable_if action=reinterpret pc=0x00000000031accf8 method=java.util.StringTokenizer.scanToken(I)I @ 96
Event: 7.240 Thread 0x000000001fe97800 Uncommon trap: reason=unstable_if action=reinterpret pc=0x000000000313e880 method=java.lang.CharacterData.of(I)Ljava/lang/CharacterData; @ 4
Event: 7.315 Thread 0x000000001fe97800 Uncommon trap: reason=class_check action=maybe_recompile pc=0x000000000350dd44 method=java.util.regex.Pattern$SliceI.match(Ljava/util/regex/Matcher;ILjava/lang/CharSequence;)Z @ 92
Event: 7.316 Thread 0x000000001fe97800 Uncommon trap: reason=unstable_if action=reinterpret pc=0x0000000003db7ac8 method=java.util.regex.Pattern$Curly.match(Ljava/util/regex/Matcher;ILjava/lang/CharSequence;)Z @ 45
Event: 7.346 Thread 0x000000001fe97800 Uncommon trap: reason=unstable_if action=reinterpret pc=0x00000000038ccba8 method=java.util.HashMap.putVal(ILjava/lang/Object;Ljava/lang/Object;ZZ)Ljava/lang/Object; @ 162
Event: 7.380 Thread 0x000000001fe97800 Uncommon trap: reason=unstable_if action=reinterpret pc=0x0000000003390bd0 method=java.lang.Class.arrayContentsEq([Ljava/lang/Object;[Ljava/lang/Object;)Z @ 1
Event: 7.384 Thread 0x000000001fe97800 Uncommon trap: reason=unstable_if action=reinterpret pc=0x0000000003a37194 method=org.springframework.aop.framework.autoproxy.AbstractAutoProxyCreator.predictBeanType(Ljava/lang/Class;Ljava/lang/String;)Ljava/lang/Class; @ 9
Event: 7.390 Thread 0x000000001fe97800 Uncommon trap: reason=unstable_if action=reinterpret pc=0x0000000003495a70 method=java.util.HashMap.getNode(ILjava/lang/Object;)Ljava/util/HashMap$Node; @ 84
Event: 7.390 Thread 0x000000001fe97800 Uncommon trap: reason=unstable_if action=reinterpret pc=0x00000000032c9228 method=java.util.HashMap.getNode(ILjava/lang/Object;)Ljava/util/HashMap$Node; @ 84
Event: 7.391 Thread 0x000000001fe97800 Uncommon trap: reason=unstable_if action=reinterpret pc=0x000000000346defc method=org.springframework.util.ConcurrentReferenceHashMap$Segment.restructureIfNecessary(Z)V @ 41

Internal exceptions (10 events):
Event: 7.046 Thread 0x000000001fe97800 Exception <a 'java/lang/NoSuchMethodError': java.lang.Object.lambda$direct$1(Lorg/springframework/data/repository/core/support/MethodLookup$MethodPredicate;)Ljava/util/List;> (0x0000000776460990) thrown at [C:\re\workspace\8-2-build-windows-amd64-cygwin\j
Event: 7.047 Thread 0x000000001fe97800 Exception <a 'java/lang/NoSuchMethodError': java.lang.Object.lambda$and$0(Lorg/springframework/data/repository/core/support/MethodLookup;)Ljava/util/List;> (0x000000077647e7b8) thrown at [C:\re\workspace\8-2-build-windows-amd64-cygwin\jdk8u111\7883\hotspo
Event: 7.070 Thread 0x000000001fe97800 Exception <a 'java/lang/IncompatibleClassChangeError': Found class java.lang.Object, but interface was expected> (0x00000007766b26b0) thrown at [C:\re\workspace\8-2-build-windows-amd64-cygwin\jdk8u111\7883\hotspot\src\share\vm\interpreter\linkResolver.cpp
Event: 7.173 Thread 0x000000001fe97800 Exception <a 'java/lang/reflect/InvocationTargetException'> (0x00000007770923e0) thrown at [C:\re\workspace\8-2-build-windows-amd64-cygwin\jdk8u111\7883\hotspot\src\share\vm\runtime\reflection.cpp, line 1092]
Event: 7.316 Thread 0x000000001fe97800 Exception <a 'java/lang/reflect/InvocationTargetException'> (0x00000007778ae908) thrown at [C:\re\workspace\8-2-build-windows-amd64-cygwin\jdk8u111\7883\hotspot\src\share\vm\runtime\reflection.cpp, line 1092]
Event: 7.335 Thread 0x000000001fe97800 Exception <a 'java/lang/reflect/InvocationTargetException'> (0x00000007779fa1d0) thrown at [C:\re\workspace\8-2-build-windows-amd64-cygwin\jdk8u111\7883\hotspot\src\share\vm\runtime\reflection.cpp, line 1092]
Event: 7.380 Thread 0x000000001fe97800 Implicit null exception at 0x0000000003390b4f to 0x0000000003390bbd
Event: 7.414 Thread 0x000000001fe97800 Exception <a 'java/lang/reflect/InvocationTargetException'> (0x00000007781e8bb0) thrown at [C:\re\workspace\8-2-build-windows-amd64-cygwin\jdk8u111\7883\hotspot\src\share\vm\runtime\reflection.cpp, line 1092]
Event: 7.511 Thread 0x000000001fe97800 Exception <a 'java/lang/reflect/InvocationTargetException'> (0x000000076b4005f8) thrown at [C:\re\workspace\8-2-build-windows-amd64-cygwin\jdk8u111\7883\hotspot\src\share\vm\runtime\reflection.cpp, line 1092]
Event: 7.696 Thread 0x000000001fe97800 Exception <a 'java/lang/IncompatibleClassChangeError': Found class java.lang.Object, but interface was expected> (0x000000076b1d4310) thrown at [C:\re\workspace\8-2-build-windows-amd64-cygwin\jdk8u111\7883\hotspot\src\share\vm\interpreter\linkResolver.cpp

Events (10 events):
Event: 7.721 loading class org/hibernate/query/criteria/internal/predicate/ComparisonPredicate
Event: 7.721 loading class org/hibernate/query/criteria/internal/predicate/ComparisonPredicate done
Event: 7.721 loading class org/hibernate/query/criteria/internal/expression/BinaryOperatorExpression
Event: 7.721 loading class org/hibernate/query/criteria/internal/expression/BinaryOperatorExpression done
Event: 7.721 loading class org/hibernate/query/criteria/internal/predicate/AbstractSimplePredicate
Event: 7.721 loading class org/hibernate/query/criteria/internal/predicate/AbstractSimplePredicate done
Event: 7.721 loading class org/hibernate/query/criteria/internal/predicate/AbstractPredicateImpl
Event: 7.721 loading class org/hibernate/query/criteria/internal/predicate/AbstractPredicateImpl done
Event: 7.721 loading class org/hibernate/query/criteria/internal/predicate/PredicateImplementor
Event: 7.721 loading class org/hibernate/query/criteria/internal/predicate/PredicateImplementor done


Dynamic libraries:
0x00007ff6d8930000 - 0x00007ff6d8967000 	C:\Program Files\Java\jdk1.8.0_111\bin\java.exe
0x00007ff908330000 - 0x00007ff908525000 	C:\WINDOWS\SYSTEM32\ntdll.dll
0x00007ff900fc0000 - 0x00007ff900fd6000 	C:\Program Files\AVG\Antivirus\aswhook.dll
0x00007ff907000000 - 0x00007ff9070bd000 	C:\WINDOWS\System32\KERNEL32.DLL
0x00007ff905f60000 - 0x00007ff906228000 	C:\WINDOWS\System32\KERNELBASE.dll
0x00007ff9074e0000 - 0x00007ff90758c000 	C:\WINDOWS\System32\ADVAPI32.dll
0x00007ff907390000 - 0x00007ff90742e000 	C:\WINDOWS\System32\msvcrt.dll
0x00007ff907f60000 - 0x00007ff907ffb000 	C:\WINDOWS\System32\sechost.dll
0x00007ff907ce0000 - 0x00007ff907e0b000 	C:\WINDOWS\System32\RPCRT4.dll
0x00007ff908030000 - 0x00007ff9081d0000 	C:\WINDOWS\System32\USER32.dll
0x00007ff905c70000 - 0x00007ff905c92000 	C:\WINDOWS\System32\win32u.dll
0x00007ff908000000 - 0x00007ff90802a000 	C:\WINDOWS\System32\GDI32.dll
0x00007ff906230000 - 0x00007ff90633b000 	C:\WINDOWS\System32\gdi32full.dll
0x00007ff905bd0000 - 0x00007ff905c6d000 	C:\WINDOWS\System32\msvcp_win.dll
0x00007ff905e00000 - 0x00007ff905f00000 	C:\WINDOWS\System32\ucrtbase.dll
0x00007ff8f4650000 - 0x00007ff8f48ea000 	C:\WINDOWS\WinSxS\amd64_microsoft.windows.common-controls_6595b64144ccf1df_6.0.19041.844_none_ca00b6081b84eb1d\COMCTL32.dll
0x00007ff908260000 - 0x00007ff908290000 	C:\WINDOWS\System32\IMM32.DLL
0x000000005a1b0000 - 0x000000005a282000 	C:\Program Files\Java\jdk1.8.0_111\jre\bin\msvcr100.dll
0x0000000059910000 - 0x000000005a1aa000 	C:\Program Files\Java\jdk1.8.0_111\jre\bin\server\jvm.dll
0x00007ff9081d0000 - 0x00007ff9081d8000 	C:\WINDOWS\System32\PSAPI.DLL
0x00007ff8f9920000 - 0x00007ff8f9929000 	C:\WINDOWS\SYSTEM32\WSOCK32.dll
0x00007ff8ff4f0000 - 0x00007ff8ff4fa000 	C:\WINDOWS\SYSTEM32\VERSION.dll
0x00007ff907ef0000 - 0x00007ff907f5b000 	C:\WINDOWS\System32\WS2_32.dll
0x00007ff8f4f30000 - 0x00007ff8f4f57000 	C:\WINDOWS\SYSTEM32\WINMM.dll
0x0000000059900000 - 0x000000005990f000 	C:\Program Files\Java\jdk1.8.0_111\jre\bin\verify.dll
0x00000000598d0000 - 0x00000000598f9000 	C:\Program Files\Java\jdk1.8.0_111\jre\bin\java.dll
0x0000000059880000 - 0x00000000598a3000 	C:\Program Files\Java\jdk1.8.0_111\jre\bin\instrument.dll
0x00000000598b0000 - 0x00000000598c6000 	C:\Program Files\Java\jdk1.8.0_111\jre\bin\zip.dll
0x00007ff907590000 - 0x00007ff907cd2000 	C:\WINDOWS\System32\SHELL32.dll
0x00007ff903be0000 - 0x00007ff904370000 	C:\WINDOWS\SYSTEM32\windows.storage.dll
0x00007ff906ca0000 - 0x00007ff906ff5000 	C:\WINDOWS\System32\combase.dll
0x00007ff905410000 - 0x00007ff90543c000 	C:\WINDOWS\SYSTEM32\Wldp.dll
0x00007ff907430000 - 0x00007ff9074de000 	C:\WINDOWS\System32\SHCORE.dll
0x00007ff906c20000 - 0x00007ff906c75000 	C:\WINDOWS\System32\shlwapi.dll
0x00007ff9059b0000 - 0x00007ff9059cf000 	C:\WINDOWS\SYSTEM32\profapi.dll
0x00007ff8ff170000 - 0x00007ff8ff18a000 	C:\Program Files\JetBrains\IntelliJ IDEA Community Edition 2021.2.3\bin\breakgen64.dll
0x0000000059860000 - 0x000000005987a000 	C:\Program Files\Java\jdk1.8.0_111\jre\bin\net.dll
0x00007ff905180000 - 0x00007ff9051ea000 	C:\WINDOWS\system32\mswsock.dll
0x0000000059830000 - 0x000000005983d000 	C:\Program Files\Java\jdk1.8.0_111\jre\bin\management.dll
0x00007ff8e87b0000 - 0x00007ff8e87c7000 	C:\WINDOWS\system32\napinsp.dll
0x00007ff8e8790000 - 0x00007ff8e87ab000 	C:\WINDOWS\system32\pnrpnsp.dll
0x00007ff8e85c0000 - 0x00007ff8e85d5000 	C:\WINDOWS\system32\wshbth.dll
0x00007ff901820000 - 0x00007ff90183d000 	C:\WINDOWS\system32\NLAapi.dll
0x00007ff904e70000 - 0x00007ff904eab000 	C:\WINDOWS\SYSTEM32\IPHLPAPI.DLL
0x00007ff904eb0000 - 0x00007ff904f7c000 	C:\WINDOWS\SYSTEM32\DNSAPI.dll
0x00007ff907380000 - 0x00007ff907388000 	C:\WINDOWS\System32\NSI.dll
0x00007ff8e84d0000 - 0x00007ff8e84e2000 	C:\WINDOWS\System32\winrnr.dll
0x00007ff8fd5e0000 - 0x00007ff8fd5ea000 	C:\Windows\System32\rasadhlp.dll
0x00007ff8fce60000 - 0x00007ff8fcedf000 	C:\WINDOWS\System32\fwpuclnt.dll
0x00007ff905af0000 - 0x00007ff905b17000 	C:\WINDOWS\System32\bcrypt.dll
0x0000000059840000 - 0x0000000059851000 	C:\Program Files\Java\jdk1.8.0_111\jre\bin\nio.dll
0x00007ff905360000 - 0x00007ff905378000 	C:\WINDOWS\SYSTEM32\CRYPTSP.dll
0x00007ff904b20000 - 0x00007ff904b54000 	C:\WINDOWS\system32\rsaenh.dll
0x00007ff905930000 - 0x00007ff90595e000 	C:\WINDOWS\SYSTEM32\USERENV.dll
0x00007ff905a70000 - 0x00007ff905af0000 	C:\WINDOWS\System32\bcryptprimitives.dll
0x00007ff905350000 - 0x00007ff90535c000 	C:\WINDOWS\SYSTEM32\CRYPTBASE.dll
0x00007ff8ffc50000 - 0x00007ff8ffc67000 	C:\WINDOWS\SYSTEM32\dhcpcsvc6.DLL
0x00007ff8ffba0000 - 0x00007ff8ffbbd000 	C:\WINDOWS\SYSTEM32\dhcpcsvc.DLL
0x0000000059800000 - 0x0000000059824000 	C:\Program Files\Java\jdk1.8.0_111\jre\bin\sunec.dll
0x00000000597f0000 - 0x00000000597fb000 	C:\Program Files\Java\jdk1.8.0_111\jre\bin\sunmscapi.dll
0x00007ff905ca0000 - 0x00007ff905dff000 	C:\WINDOWS\System32\CRYPT32.dll

VM Arguments:
jvm_args: -javaagent:C:\Program Files\JetBrains\IntelliJ IDEA Community Edition 2021.2.3\lib\idea_rt.jar=59144:C:\Program Files\JetBrains\IntelliJ IDEA Community Edition 2021.2.3\bin -Dfile.encoding=UTF-8 
java_command: com.telltale.main.Application
java_class_path (initial): C:\Program Files\Java\jdk1.8.0_111\jre\lib\charsets.jar;C:\Program Files\Java\jdk1.8.0_111\jre\lib\deploy.jar;C:\Program Files\Java\jdk1.8.0_111\jre\lib\ext\access-bridge-64.jar;C:\Program Files\Java\jdk1.8.0_111\jre\lib\ext\cldrdata.jar;C:\Program Files\Java\jdk1.8.0_111\jre\lib\ext\dnsns.jar;C:\Program Files\Java\jdk1.8.0_111\jre\lib\ext\jaccess.jar;C:\Program Files\Java\jdk1.8.0_111\jre\lib\ext\jfxrt.jar;C:\Program Files\Java\jdk1.8.0_111\jre\lib\ext\localedata.jar;C:\Program Files\Java\jdk1.8.0_111\jre\lib\ext\nashorn.jar;C:\Program Files\Java\jdk1.8.0_111\jre\lib\ext\sunec.jar;C:\Program Files\Java\jdk1.8.0_111\jre\lib\ext\sunjce_provider.jar;C:\Program Files\Java\jdk1.8.0_111\jre\lib\ext\sunmscapi.jar;C:\Program Files\Java\jdk1.8.0_111\jre\lib\ext\sunpkcs11.jar;C:\Program Files\Java\jdk1.8.0_111\jre\lib\ext\zipfs.jar;C:\Program Files\Java\jdk1.8.0_111\jre\lib\javaws.jar;C:\Program Files\Java\jdk1.8.0_111\jre\lib\jce.jar;C:\Program Files\Java\jdk1.8.0_111\jre\lib\jfr.jar;C:\Program Files\Java\jdk1.8.0_111\jre\lib\jfxswt.jar;C:\Program Files\Java\jdk1.8.0_111\jre\lib\jsse.jar;C:\Program Files\Java\jdk1.8.0_111\jre\lib\management-agent.jar;C:\Program Files\Java\jdk1.8.0_111\jre\lib\plugin.jar;C:\Program Files\Java\jdk1.8.0_111\jre\lib\resources.jar;C:\Program Files\Java\jdk1.8.0_111\jre\lib\rt.jar;D:\Documents\- EGG\- PROYECTO FINAL\TellTale\target\classes;C:\Users\bianca\.m2\repository\org\springframework\boot\spring-boot-starter-data-jpa\2.6.1\spring-boot-starter-data-jpa-2.6.1.jar;C:\Users\bianca\.m2\repository\org\springframework\boot\spring-boot-starter-aop\2.6.1\spring-boot-starter-aop-2.6.1.jar;C:\Users\bianca\.m2\repository\org\aspectj\aspectjweaver\1.9.7\aspectjweaver-1.9.7.jar;C:\Users\bianca\.m2\repository\org\springframework\boot\spring-boot-starter-jdbc\2.6.1\spring-boot-starter-jdbc-2.6.1.jar;C:\Users\bianca\.m2\repository\com\zaxxer\HikariCP\4.0.3\HikariCP-4.0.3.jar;C:\Users\bianca\.m2\repository\org\springframework\spr
Launcher Type: SUN_STANDARD

Environment Variables:
JAVA_HOME=C:\Program Files\Java\jdk1.8.0_111
PATH=C:\ProgramData\Oracle\Java\javapath;C:\Program Files (x86)\Common Files\Intel\Shared Libraries\redist\intel64\compiler;C:\Windows\system32;C:\Windows;C:\Windows\System32\Wbem;C:\Windows\System32\WindowsPowerShell\v1.0\;C:\Program Files (x86)\NVIDIA Corporation\PhysX\Common;C:\WINDOWS\system32;C:\WINDOWS;C:\WINDOWS\System32\Wbem;C:\WINDOWS\System32\WindowsPowerShell\v1.0\;C:\WINDOWS\System32\OpenSSH\;C:\Program Files (x86)\QuickTime\QTSystem\;C:\Program Files\Java\jdk1.8.0_111\bin;C:\Program Files\Git\cmd;C:\Program Files\Java\apache-maven-3.8.3-bin\apache-maven-3.8.3\bin;C:\Program Files\Java\jre1.8.0_111\bin;C:\Program Files\Java\jdk1.8.0_111\bin;C:\Program Files\MySQL\MySQL Shell 8.0\bin\;C:\Users\bianca\AppData\Local\Microsoft\WindowsApps;;C:\Users\bianca\AppData\Local\Programs\Microsoft VS Code\bin;C:\Program Files\sfdx\bin
USERNAME=bianca
OS=Windows_NT
PROCESSOR_IDENTIFIER=AMD64 Family 23 Model 8 Stepping 2, AuthenticAMD



---------------  S Y S T E M  ---------------

OS: Windows 10.0 , 64 bit Build 19041 (10.0.19041.928)

CPU:total 12 (12 cores per cpu, 1 threads per core) family 23 model 8 stepping 2, cmov, cx8, fxsr, mmx, sse, sse2, sse3, ssse3, sse4.1, sse4.2, popcnt, avx, avx2, aes, clmul, mmxext, 3dnowpref, lzcnt, sse4a, tsc, tscinvbit, tscinv, bmi1

Memory: 4k page, physical 16702076k(890664k free), swap 31215224k(4124k free)

vm_info: Java HotSpot(TM) 64-Bit Server VM (25.111-b14) for windows-amd64 JRE (1.8.0_111-b14), built on Sep 22 2016 19:24:05 by "java_re" with MS VC++ 10.0 (VS2010)

time: Sun Dec 12 12:16:20 2021
elapsed time: 7 seconds (0d 0h 0m 7s)

